<?xml version="1.0" encoding="UTF-8"?>
<!-- Generated by org.testng.reporters.JUnitXMLReporter -->
<testsuite ignored="1" hostname="SamanyuthiksMBP.attlocal.net" failures="0" tests="1" name="Default test" time="2.531" errors="0" timestamp="2025-10-22T22:33:29 PDT">
  <testcase classname="testScriptAPI.TransactionCreationApiTest" name="testGetUserTransaction" time="2.208"/>
  <testcase classname="testScriptAPI.TransactionCreationApiTest" name="testTransactionCreation" time="0.0">
    <ignored/>
  </testcase> <!-- testTransactionCreation -->
</testsuite> <!-- Default test -->
