<?xml version="1.0" encoding="UTF-8"?>
<testng-results ignored="0" total="1" passed="1" failed="0" skipped="0">
  <reporter-output>
  </reporter-output>
  <suite started-at="2025-10-22T22:33:27 PDT" name="Default suite" finished-at="2025-10-22T22:33:29 PDT" duration-ms="2531">
    <groups>
    </groups>
    <test started-at="2025-10-22T22:33:27 PDT" name="Default test" finished-at="2025-10-22T22:33:29 PDT" duration-ms="2531">
      <class name="testScriptAPI.TransactionCreationApiTest">
        <test-method is-config="true" signature="preTestSetup()[pri:0, instance:testScriptAPI.TransactionCreationApiTest@6ccdb29f]" started-at="2025-10-22T22:33:26 PDT" name="preTestSetup" finished-at="2025-10-22T22:33:27 PDT" duration-ms="1172" status="PASS">
          <reporter-output>
          </reporter-output>
        </test-method> <!-- preTestSetup -->
        <test-method signature="testGetUserTransaction()[pri:0, instance:testScriptAPI.TransactionCreationApiTest@6ccdb29f]" started-at="2025-10-22T22:33:27 PDT" name="testGetUserTransaction" finished-at="2025-10-22T22:33:29 PDT" duration-ms="2208" status="PASS">
          <reporter-output>
          </reporter-output>
        </test-method> <!-- testGetUserTransaction -->
      </class> <!-- testScriptAPI.TransactionCreationApiTest -->
    </test> <!-- Default test -->
  </suite> <!-- Default suite -->
</testng-results>
